<?xml version="1.0" encoding="UTF-8"?>
<!-- Generated by org.testng.reporters.JUnitReportReporter -->
<testsuite hostname="Unbreakable" failures="0" tests="1" name="testCases.TC001_AccountRegistrationTest" time="2.850" errors="0" timestamp="2024-08-27T10:56:25 TRT" skipped="0">
  <testcase classname="testCases.TC001_AccountRegistrationTest" name="verify_account_registration" time="2.850"/>
</testsuite> <!-- testCases.TC001_AccountRegistrationTest -->
