<?xml version="1.0" encoding="UTF-8"?>
<!-- Generated by org.testng.reporters.JUnitReportReporter -->
<testsuite hostname="Unbreakable" failures="0" tests="1" name="testCases.TC002_LoginTest" time="2.015" errors="0" timestamp="2024-08-27T10:56:25 TRT" skipped="0">
  <testcase classname="testCases.TC002_LoginTest" name="verify_login" time="2.015"/>
</testsuite> <!-- testCases.TC002_LoginTest -->
